Configuration file: /home/comandre/server-web/comandre-ex.github.io/_config.yml
/var/lib/gems/2.7.0/gems/octokit-4.21.0/lib/octokit/client.rb:44:in `require': Interrupt
	from /var/lib/gems/2.7.0/gems/octokit-4.21.0/lib/octokit/client.rb:44:in `<top (required)>'
	from /var/lib/gems/2.7.0/gems/octokit-4.21.0/lib/octokit.rb:1:in `require'
	from /var/lib/gems/2.7.0/gems/octokit-4.21.0/lib/octokit.rb:1:in `<top (required)>'
	from /var/lib/gems/2.7.0/gems/jekyll-github-metadata-2.13.0/lib/jekyll-github-metadata.rb:4:in `require'
	from /var/lib/gems/2.7.0/gems/jekyll-github-metadata-2.13.0/lib/jekyll-github-metadata.rb:4:in `<top (required)>'
	from /var/lib/gems/2.7.0/gems/jekyll-3.9.0/lib/jekyll/external.rb:58:in `require'
	from /var/lib/gems/2.7.0/gems/jekyll-3.9.0/lib/jekyll/external.rb:58:in `block in require_with_graceful_fail'
	from /var/lib/gems/2.7.0/gems/jekyll-3.9.0/lib/jekyll/external.rb:55:in `each'
	from /var/lib/gems/2.7.0/gems/jekyll-3.9.0/lib/jekyll/external.rb:55:in `require_with_graceful_fail'
	from /var/lib/gems/2.7.0/gems/jekyll-3.9.0/lib/jekyll/plugin_manager.rb:42:in `block in require_theme_deps'
	from /var/lib/gems/2.7.0/gems/jekyll-3.9.0/lib/jekyll/plugin_manager.rb:40:in `each'
	from /var/lib/gems/2.7.0/gems/jekyll-3.9.0/lib/jekyll/plugin_manager.rb:40:in `require_theme_deps'
	from /var/lib/gems/2.7.0/gems/jekyll-3.9.0/lib/jekyll/plugin_manager.rb:20:in `conscientious_require'
	from /var/lib/gems/2.7.0/gems/jekyll-3.9.0/lib/jekyll/site.rb:114:in `setup'
	from /var/lib/gems/2.7.0/gems/jekyll-3.9.0/lib/jekyll/site.rb:32:in `initialize'
	from /var/lib/gems/2.7.0/gems/jekyll-3.9.0/lib/jekyll/commands/build.rb:30:in `new'
	from /var/lib/gems/2.7.0/gems/jekyll-3.9.0/lib/jekyll/commands/build.rb:30:in `process'
	from /var/lib/gems/2.7.0/gems/jekyll-3.9.0/lib/jekyll/commands/serve.rb:93:in `block in start'
	from /var/lib/gems/2.7.0/gems/jekyll-3.9.0/lib/jekyll/commands/serve.rb:93:in `each'
	from /var/lib/gems/2.7.0/gems/jekyll-3.9.0/lib/jekyll/commands/serve.rb:93:in `start'
	from /var/lib/gems/2.7.0/gems/jekyll-3.9.0/lib/jekyll/commands/serve.rb:75:in `block (2 levels) in init_with_program'
	from /var/lib/gems/2.7.0/gems/mercenary-0.3.6/lib/mercenary/command.rb:220:in `block in execute'
	from /var/lib/gems/2.7.0/gems/mercenary-0.3.6/lib/mercenary/command.rb:220:in `each'
	from /var/lib/gems/2.7.0/gems/mercenary-0.3.6/lib/mercenary/command.rb:220:in `execute'
	from /var/lib/gems/2.7.0/gems/mercenary-0.3.6/lib/mercenary/program.rb:42:in `go'
	from /var/lib/gems/2.7.0/gems/mercenary-0.3.6/lib/mercenary.rb:19:in `program'
	from /var/lib/gems/2.7.0/gems/jekyll-3.9.0/exe/jekyll:15:in `<top (required)>'
	from /usr/local/bin/jekyll:23:in `load'
	from /usr/local/bin/jekyll:23:in `<main>'
